<?xml version="1.0" encoding="UTF-8"?>
<!-- Generated by org.testng.reporters.JUnitReportReporter -->
<testsuite skipped="0" hostname="MAVCHN1121293" name="Runner.Runner" tests="1" failures="0" timestamp="12 Nov 2024 12:06:06 GMT" time="21.980" errors="0">
  <testcase name="runScenario" time="21.980" classname="Runner.Runner"/>
</testsuite> <!-- Runner.Runner -->
